<?xml version="1.0" encoding="UTF-8"?>
<testsuite name="in.reqres.reqresinfo.UsersCRUDTest" time="4.555" tests="6" errors="2" skipped="0" failures="1">
  <properties>
[...]
</properties>
  <testcase name="test001" classname="in.reqres.reqresinfo.UsersCRUDTest" time="3.962"/>
  <testcase name="test002" classname="in.reqres.reqresinfo.UsersCRUDTest" time="0.207">
    <failure message="&#10;Expected: map containing [ANYTHING-&gt;&quot;morpheus86071&quot;]&#10;     but: map was [&lt;per_page=6&gt;, &lt;total=12&gt;, &lt;data=[{color=#98B2D1, year=2000, name=cerulean, id=1, pantone_value=15-4020}, {color=#C74375, year=2001, name=fuchsia rose, id=2, pantone_value=17-2031}, {color=#BF1932, year=2002, name=true red, id=3, pantone_value=19-1664}, {color=#7BC4C4, year=2003, name=aqua sky, id=4, pantone_value=14-4811}, {color=#E2583E, year=2004, name=tigerlily, id=5, pantone_value=17-1456}, {color=#53B0AE, year=2005, name=blue turquoise, id=6, pantone_value=15-5217}]&gt;, &lt;page=1&gt;, &lt;total_pages=2&gt;, &lt;support={text=To keep ReqRes free, contributions towards server costs are appreciated!, url=https://reqres.in/#support-heading}&gt;]" type="java.lang.AssertionError"><![CDATA[java.lang.AssertionError: 
Expected: map containing [ANYTHING->"morpheus86071"]
     but: map was [<per_page=6>, <total=12>, <data=[{color=#98B2D1, year=2000, name=cerulean, id=1, pantone_value=15-4020}, {color=#C74375, year=2001, name=fuchsia rose, id=2, pantone_value=17-2031}, {color=#BF1932, year=2002, name=true red, id=3, pantone_value=19-1664}, {color=#7BC4C4, year=2003, name=aqua sky, id=4, pantone_value=14-4811}, {color=#E2583E, year=2004, name=tigerlily, id=5, pantone_value=17-1456}, {color=#53B0AE, year=2005, name=blue turquoise, id=6, pantone_value=15-5217}]>, <page=1>, <total_pages=2>, <support={text=To keep ReqRes free, contributions towards server costs are appreciated!, url=https://reqres.in/#support-heading}>]
	at org.hamcrest.MatcherAssert.assertThat(MatcherAssert.java:20)
	at org.junit.Assert.assertThat(Assert.java:956)
	at org.junit.Assert.assertThat(Assert.java:923)
	at in.reqres.reqresinfo.UsersCRUDTest.test002(UsersCRUDTest.java:43)
]]></failure>
    <system-out><![CDATA[Request method:	GET
Request URI:	https://reqres.in/api/397
Proxy:			<none>
Request params:	<none>
Query params:	<none>
Form params:	<none>
Path params:	userID=397
Multiparts:		<none>
Headers:		Accept=*/*
Cookies:		<none>
Body:			<none>
]]></system-out>
    <system-err><![CDATA[4571 [main] INFO net.serenitybdd.core.Serenity - 
        __    _____ _____ ____ _____   ____   _    ____  ____  _____ ____  
  _     \ \  |_   _| ____/ ___|_   _| |  _ \ / \  / ___|/ ___|| ____|  _ \ 
 (_)_____| |   | | |  _| \___ \ | |   | |_) / _ \ \___ \\___ \|  _| | | | |
  _|_____| |   | | | |___ ___) || |   |  __/ ___ \ ___) |___) | |___| |_| |
 (_)     | |   |_| |_____|____/ |_|   |_| /_/   \_\____/|____/|_____|____/ 
        /_/                                                                

TEST PASSED: This will create a user
----------------------------------------------------------------------------
4571 [main] INFO net.serenitybdd.core.Serenity - 
 _____ _____ ____ _____   ____ _____  _    ____ _____ _____ ____  
|_   _| ____/ ___|_   _| / ___|_   _|/ \  |  _ \_   _| ____|  _ \ 
  | | |  _| \___ \ | |   \___ \ | | / _ \ | |_) || | |  _| | | | |
  | | | |___ ___) || |    ___) || |/ ___ \|  _ < | | | |___| |_| |
  |_| |_____|____/ |_|   |____/ |_/_/   \_\_| \_\|_| |_____|____/ 
                                                                  

TEST STARTED: test002
-------------------------------------------------------------------
4571 [main] INFO net.serenitybdd.core.Serenity - TEST NUMBER: 2
]]></system-err>
  </testcase>
  <testcase name="test003" classname="in.reqres.reqresinfo.UsersCRUDTest" time="0.174"/>
  <testcase name="test004" classname="in.reqres.reqresinfo.UsersCRUDTest" time="0.032">
    <error type="java.lang.NullPointerException:">java.lang.NullPointerException: null
	at io.restassured.internal.print.ResponsePrinter.print(ResponsePrinter.java:46)
	at io.restassured.internal.ValidatableResponseOptionsImpl.logResponse(ValidatableResponseOptionsImpl.java:423)
	at io.restassured.internal.ValidatableResponseOptionsImpl.logResponse(ValidatableResponseOptionsImpl.java:419)
	at io.restassured.internal.ValidatableResponseOptionsImpl.logResponse(ValidatableResponseOptionsImpl.java:415)
	at io.restassured.internal.ValidatableResponseOptionsImpl.all(ValidatableResponseOptionsImpl.java:371)
	at in.reqres.reqresinfo.UsersCRUDTest.test004(UsersCRUDTest.java:60)
</error>
    <system-out><![CDATA[Request method:	PUT
Request URI:	https://reqres.in/api/users%7BusersID%7D
Proxy:			<none>
Request params:	<none>
Query params:	<none>
Form params:	<none>
Path params:	userID=397
Multiparts:		<none>
Headers:		Accept=*/*
				Content-Type=application/json; charset=UTF-8
Cookies:		<none>
Body:
{
    "name": "morpheus86071_updatedbyPut",
    "job": "leader66874",
    "email": null,
    "password": null
}
]]></system-out>
    <system-err><![CDATA[4972 [main] INFO net.serenitybdd.core.Serenity - 
        __    _____ _____ ____ _____   ____   _    ____  ____  _____ ____  
  _     \ \  |_   _| ____/ ___|_   _| |  _ \ / \  / ___|/ ___|| ____|  _ \ 
 (_)_____| |   | | |  _| \___ \ | |   | |_) / _ \ \___ \\___ \|  _| | | | |
  _|_____| |   | | | |___ ___) || |   |  __/ ___ \ ___) |___) | |___| |_| |
 (_)     | |   |_| |_____|____/ |_|   |_| /_/   \_\____/|____/|_____|____/ 
        /_/                                                                

TEST PASSED: This will login a user
----------------------------------------------------------------------------
4972 [main] INFO net.serenitybdd.core.Serenity - 
 _____ _____ ____ _____   ____ _____  _    ____ _____ _____ ____  
|_   _| ____/ ___|_   _| / ___|_   _|/ \  |  _ \_   _| ____|  _ \ 
  | | |  _| \___ \ | |   \___ \ | | / _ \ | |_) || | |  _| | | | |
  | | | |___ ___) || |    ___) || |/ ___ \|  _ < | | | |___| |_| |
  |_| |_____|____/ |_|   |____/ |_/_/   \_\_| \_\|_| |_____|____/ 
                                                                  

TEST STARTED: test004
-------------------------------------------------------------------
4972 [main] INFO net.serenitybdd.core.Serenity - TEST NUMBER: 4
]]></system-err>
  </testcase>
  <testcase name="test005" classname="in.reqres.reqresinfo.UsersCRUDTest" time="0.031">
    <error type="java.lang.NullPointerException:">java.lang.NullPointerException: null
	at io.restassured.internal.print.ResponsePrinter.print(ResponsePrinter.java:46)
	at io.restassured.internal.ValidatableResponseOptionsImpl.logResponse(ValidatableResponseOptionsImpl.java:423)
	at io.restassured.internal.ValidatableResponseOptionsImpl.logResponse(ValidatableResponseOptionsImpl.java:419)
	at io.restassured.internal.ValidatableResponseOptionsImpl.logResponse(ValidatableResponseOptionsImpl.java:415)
	at io.restassured.internal.ValidatableResponseOptionsImpl.all(ValidatableResponseOptionsImpl.java:371)
	at in.reqres.reqresinfo.UsersCRUDTest.test005(UsersCRUDTest.java:69)
</error>
    <system-out><![CDATA[Request method:	PATCH
Request URI:	https://reqres.in/api/users%7BusersID%7D
Proxy:			<none>
Request params:	<none>
Query params:	<none>
Form params:	<none>
Path params:	userID=397
Multiparts:		<none>
Headers:		Accept=*/*
				Content-Type=application/json; charset=UTF-8
Cookies:		<none>
Body:
{
    "name": "morpheus86071_updatedbyPut_updatedbyPatch",
    "job": "leader66874",
    "email": null,
    "password": null
}
]]></system-out>
    <system-err><![CDATA[5004 [main] ERROR net.serenitybdd.core.Serenity - 
           __  _____ _____ ____ _____   _____ _    ___ _     _____ ____  
  _       / / |_   _| ____/ ___|_   _| |  ___/ \  |_ _| |   | ____|  _ \ 
 (_)_____| |    | | |  _| \___ \ | |   | |_ / _ \  | || |   |  _| | | | |
  _|_____| |    | | | |___ ___) || |   |  _/ ___ \ | || |___| |___| |_| |
 (_)     | |    |_| |_____|____/ |_|   |_|/_/   \_\___|_____|_____|____/ 
          \_\                                                            

TEST FAILED WITH ERROR: This will update a user by PUT
---------------------------------------------------------------------
5075 [main] ERROR net.serenitybdd.core.Serenity - TEST FAILED AT STEP PUT
5075 [main] ERROR net.serenitybdd.core.Serenity - Path parameters were not correctly defined. Redundant path parameters are: userID=397. Undefined path parameters are: usersID.
5075 [main] INFO net.serenitybdd.core.Serenity - 
 _____ _____ ____ _____   ____ _____  _    ____ _____ _____ ____  
|_   _| ____/ ___|_   _| / ___|_   _|/ \  |  _ \_   _| ____|  _ \ 
  | | |  _| \___ \ | |   \___ \ | | / _ \ | |_) || | |  _| | | | |
  | | | |___ ___) || |    ___) || |/ ___ \|  _ < | | | |___| |_| |
  |_| |_____|____/ |_|   |____/ |_/_/   \_\_| \_\|_| |_____|____/ 
                                                                  

TEST STARTED: test005
-------------------------------------------------------------------
5075 [main] INFO net.serenitybdd.core.Serenity - TEST NUMBER: 5
]]></system-err>
  </testcase>
  <testcase name="test006" classname="in.reqres.reqresinfo.UsersCRUDTest" time="0.149"/>
</testsuite>